2018-01-20 10:38:33  BarCode   1000032
2018-01-20 10:38:33  namec   罗普宁
2018-01-20 10:38:33  wd   34.171679
2018-01-20 10:38:33  jd   108.938111
2018-01-20 10:38:33  address   03步行街上塔坡村重庆煲王
2018-01-20 10:38:33  gptm   
2018-01-20 10:38:33  BarCode   1000033
2018-01-20 10:38:33  namec   张战锋
2018-01-20 10:38:33  wd   34.171879
2018-01-20 10:38:33  jd   108.937798
2018-01-20 10:38:33  address   03西部大道小竹签烤肉早点
2018-01-20 10:38:33  gptm   110815 
2018-01-20 10:38:33  BarCode   1000040
2018-01-20 10:38:33  namec   张安名
2018-01-20 10:38:33  wd   34.173007
2018-01-20 10:38:33  jd   108.938111
2018-01-20 10:38:33  address   04上塔坡村张记早餐
2018-01-20 10:38:33  gptm   
2018-01-20 10:40:57  BarCode   1000032  MTAwMDAzMg==
2018-01-20 10:40:57  namec   罗普宁  wt7G1cT+
2018-01-20 10:40:57  wd   34.171679  MzQuMTcxNjc5
2018-01-20 10:40:57  jd   108.938111  MTA4LjkzODExMQ==
2018-01-20 10:40:57  address   03步行街上塔坡村重庆煲王  MDOyvdDQvdbJz8v+xsK05dbYx+zs0s31
2018-01-20 10:40:57  gptm     
2018-01-20 10:40:57  BarCode   1000033  MTAwMDAzMw==
2018-01-20 10:40:57  namec   张战锋  1cXVvbfm
2018-01-20 10:40:57  wd   34.171879  MzQuMTcxODc5
2018-01-20 10:40:57  jd   108.937798  MTA4LjkzNzc5OA==
2018-01-20 10:40:57  address   03西部大道小竹签烤肉早点  MDPO97K/tPO1wNCh1vHHqb++yOLU57Xj
2018-01-20 10:40:57  gptm   110815   MTEwODE1IA==
2018-01-20 10:40:57  BarCode   1000040  MTAwMDA0MA==
2018-01-20 10:40:57  namec   张安名  1cWwssP7
2018-01-20 10:40:57  wd   34.173007  MzQuMTczMDA3
2018-01-20 10:40:57  jd   108.938111  MTA4LjkzODExMQ==
2018-01-20 10:40:57  address   04上塔坡村张记早餐  MDTJz8v+xsK05dXFvMfU57LN
2018-01-20 10:40:57  gptm     
